<?xml version="1.0" encoding="UTF-8"?>
<testsuite xmlns:xsi="http://www.w3.org/2001/XMLSchema-instance" xsi:noNamespaceSchemaLocation="https://maven.apache.org/surefire/maven-surefire-plugin/xsd/surefire-test-report.xsd" name="testRunner.TestRunner" time="11.816" tests="2" errors="0" skipped="0" failures="1">
  <properties>
[...]
</properties>
  <testcase name="Login into the application with valid credentials #2" classname="Login" time="7.703"/>
  <testcase name="Login into the application with valid credentials #3" classname="Login" time="3.08">
    <failure type="java.lang.AssertionError">java.lang.AssertionError
</failure>
    <system-out><![CDATA[
@Raj1
Scenario Outline: Login into the application with valid credentials     # src/test/resources/Features/loginTest.feature:27
1..ChromeDriver: chrome on windows (c1166968ca003039a65cf9aaa3ed886e)
  Given User launch chrome browser                                      # steps.LoginSteps.user_launch_chrome_browser()
  When User opens URL "https://admin-demo.nopcommerce.com/login"        # steps.LoginSteps.user_opens_url(java.lang.String)
  And User enters email as "abc@yourstore.com" and password as "xyz123" # steps.LoginSteps.user_enters_email_as_and_password_as(java.lang.String,java.lang.String)
  And User click login button                                           # steps.LoginSteps.user_click_login_button()
Dashboard::::Your store. Login
  Then User can view Dashboard                                          # steps.LoginSteps.user_can_view_dashboard()
      java.lang.AssertionError
	at org.junit.Assert.fail(Assert.java:87)
	at org.junit.Assert.assertTrue(Assert.java:42)
	at org.junit.Assert.assertTrue(Assert.java:53)
	at steps.LoginSteps.user_can_view_dashboard(LoginSteps.java:70)
	at ✽.User can view Dashboard(file:///C:/Cucumber%20Java/cucumberJava/./src/test/resources/Features/loginTest.feature:19)

  When User click logout                                                # steps.LoginSteps.user_click_logout()
  Then Page title should be "Your store. Login"                         # steps.LoginSteps.page_title_should_be(java.lang.String)
  And close browser                                                     # steps.BaseSteps.close_browser()
C:\Cucumber Java\cucumberJava\screenshots\screenshot1701314655840.png
I am inside if...true
]]></system-out>
  </testcase>
</testsuite>