-------------------------------------------------------------------------------
Test set: testRunner.TestRunner
-------------------------------------------------------------------------------
Tests run: 2, Failures: 1, Errors: 0, Skipped: 0, Time elapsed: 11.816 s <<< FAILURE! - in testRunner.TestRunner
Login into the application with valid credentials #3(Login)  Time elapsed: 3.08 s  <<< FAILURE!
java.lang.AssertionError

